Vivado Simulator v2021.1
Copyright 1986-1999, 2001-2021 Xilinx, Inc. All Rights Reserved.
Running: C:/Xilinx/Vivado/2021.1/bin/unwrapped/win64.o/xelab.exe -wto 19f25d56d0dc463885a9016c510f886a --incr --debug typical --relax --mt 2 -L xil_defaultlib -L secureip --snapshot Test_ARM_behav xil_defaultlib.Test_ARM -log elaborate.log 
Using 2 slave threads.
Starting static elaboration
Completed static elaboration
Starting simulation data flow analysis
Completed simulation data flow analysis
Time Resolution for simulation is 1ps
Compiling package std.standard
Compiling package std.textio
Compiling package ieee.std_logic_1164
Compiling package ieee.numeric_std
Compiling architecture behavioral of entity xil_defaultlib.Decoder [decoder_default]
Compiling architecture behavioral of entity xil_defaultlib.Cond_Logic [cond_logic_default]
Compiling architecture behavioral of entity xil_defaultlib.controller [controller_default]
Compiling architecture behavioral of entity xil_defaultlib.Instruction_Memory [instruction_memory_default]
Compiling architecture behavioral of entity xil_defaultlib.Register_File [register_file_default]
Compiling architecture behavioral of entity xil_defaultlib.ALU [alu_default]
Compiling architecture behavioral of entity xil_defaultlib.Shift_Block [shift_block_default]
Compiling architecture behavioral of entity xil_defaultlib.Shift_Block [\Shift_Block(shamt=2)\]
Compiling architecture behavioral of entity xil_defaultlib.Shift_Block [\Shift_Block(shamt=4)\]
Compiling architecture behavioral of entity xil_defaultlib.Shift_Block [\Shift_Block(shamt=8)\]
Compiling architecture behavioral of entity xil_defaultlib.Shift_Block [\Shift_Block(shamt=16)\]
Compiling architecture behavioral of entity xil_defaultlib.Multi_Barrel_Shifter [multi_barrel_shifter_default]
Compiling architecture behavioral of entity xil_defaultlib.datapath [datapath_default]
Compiling architecture behavioral of entity xil_defaultlib.ARM [arm_default]
Compiling architecture behavior of entity xil_defaultlib.test_arm
Built simulation snapshot Test_ARM_behav
